2021-11-15 21:18:03,592 - INFO - 157924 - ------------------------------------------------------------------------------------------------------------
2021-11-15 21:18:03,592 - INFO - 157924 - Outlier detected in Sep.21 for date 2021-09-20 05:26:20: value -4.0 and zscore 44.7
2021-11-15 21:18:03,660 - INFO - 157924 - ------------------------------------------------------------------------------------------------------------
2021-11-15 21:18:03,660 - INFO - 157924 - Outlier detected in Feb.22 for date 2021-09-21 06:58:00: value -16.55 and zscore 100
2021-11-15 21:18:03,886 - INFO - 157924 - ------------------------------------------------------------------------------------------------------------
2021-11-15 21:18:03,886 - INFO - 157924 - Outlier detected in Nov.21 for date 2021-09-24 21:10:00: value -7.95 and zscore 100
2021-11-15 21:18:03,886 - INFO - 157924 - ------------------------------------------------------------------------------------------------------------
2021-11-15 21:18:03,886 - INFO - 157924 - Outlier detected in Dec.21 for date 2021-09-24 21:10:00: value -9.75 and zscore 100
2021-11-15 21:18:03,893 - INFO - 157924 - Not ordered sequence of 2021-09-22 06:13:00 with value: -0.25 with window: [-9.75, -9.75, -9.75, -9.75] and zscore: 100
2021-11-15 21:18:03,893 - INFO - 157924 - ------------------------------------------------------------------------------------------------------------
2021-11-15 21:18:03,893 - INFO - 157924 - Outlier detected in Dec.21 for date 2021-09-22 06:13:00: value -0.25 and zscore 100
2021-11-15 21:18:03,894 - INFO - 157924 - Not ordered sequence of 2021-09-23 10:46:00 with value: -7.15 with window: [-9.75, -9.75, -9.75, -9.75] and zscore: 0.0
2021-11-15 21:18:03,894 - INFO - 157924 - Not ordered sequence of 2021-09-23 20:55:00 with value: -9.7 with window: [-7.95, -7.95, -7.95, -7.95] and zscore: 0.0
2021-11-15 21:18:03,894 - INFO - 157924 - Not ordered sequence of 2021-09-23 20:55:00 with value: -11.35 with window: [-9.75, -9.75, -9.75, -9.75] and zscore: 0.0
2021-11-15 21:18:03,894 - INFO - 157924 - Not ordered sequence of 2021-09-23 20:55:00 with value: -13.7 with window: [-12.05, -12.05, -12.05, -12.05] and zscore: 0.0
2021-11-15 21:18:03,894 - INFO - 157924 - Not ordered sequence of 2021-09-23 20:55:00 with value: -9.75 with window: [-9.6, -9.6, -9.6, -9.6] and zscore: 0.0
2021-11-15 21:18:03,894 - INFO - 157924 - Not ordered sequence of 2021-09-24 20:55:00 with value: -7.95 with window: [-7.95, -7.95, -7.95, -7.95] and zscore: 0.0
2021-11-15 21:18:03,894 - INFO - 157924 - Not ordered sequence of 2021-09-24 20:55:00 with value: -9.75 with window: [-9.75, -9.75, -9.75, -9.75] and zscore: 0.0
2021-11-15 21:18:03,895 - INFO - 157924 - Not ordered sequence of 2021-09-24 20:55:00 with value: -12.05 with window: [-12.05, -12.05, -12.05, -12.05] and zscore: 0.0
2021-11-15 21:18:03,895 - INFO - 157924 - Not ordered sequence of 2021-09-24 20:55:00 with value: -24.2 with window: [-24.4, -24.4, -24.4, -24.4] and zscore: 0.0
