2021-11-30 15:53:15,249 - INFO - ------------------------------------------------------------------------------------------------------------
2021-11-30 15:53:15,249 - INFO - Outlier detected for date 2021-09-20 05:26:20: Window: [-14.8  -14.8  -14.8  -14.85] value=-4.0 and zscore=2.0
2021-11-30 15:53:15,300 - INFO - ------------------------------------------------------------------------------------------------------------
2021-11-30 15:53:15,300 - INFO - Outlier detected for date 2021-09-21 06:58:00: Window: [-14.   -14.   -14.   -13.85] value=-16.55 and zscore=2.0
2021-11-30 15:53:15,466 - INFO - ------------------------------------------------------------------------------------------------------------
2021-11-30 15:53:15,466 - INFO - Outlier detected for date 2021-09-24 21:10:00: Window: [-13.   -12.95 -12.95 -12.9 ] value=-7.95 and zscore=2.0
2021-11-30 15:53:15,466 - INFO - ------------------------------------------------------------------------------------------------------------
2021-11-30 15:53:15,467 - INFO - Outlier detected for date 2021-09-24 21:10:00: Window: [-12.95 -12.95 -12.9   -9.75] value=-9.75 and zscore=2.0
2021-11-30 15:53:15,467 - INFO - ------------------------------------------------------------------------------------------------------------
2021-11-30 15:53:15,467 - INFO - Outlier detected for date 2021-09-24 21:10:00: Window: [-12.95 -12.95 -12.9   -9.75] value=-12.05 and zscore=2.0
2021-11-30 15:53:15,467 - INFO - ------------------------------------------------------------------------------------------------------------
2021-11-30 15:53:15,467 - INFO - Outlier detected for date 2021-09-24 21:10:00: Window: [-12.95 -12.95 -12.9   -9.75] value=-24.35 and zscore=2.0
2021-11-30 15:53:15,473 - INFO - Not ordered sequence of 2021-09-22 06:13:00 with value: -0.25 with window: [-13.   -13.   -13.05 -13.  ] and zscore: 2.0
2021-11-30 15:53:15,473 - INFO - ------------------------------------------------------------------------------------------------------------
2021-11-30 15:53:15,473 - INFO - Outlier detected for date 2021-09-22 06:13:00: Window: [-9.75 -9.75 -9.75 -9.75] value=-0.25 and zscore=2.0
2021-11-30 15:53:15,473 - INFO - Not ordered sequence of 2021-09-23 10:46:00 with value: -7.15 with window: [-13.05 -13.   -12.05 -11.9 ] and zscore: 1.95
2021-11-30 15:53:15,473 - INFO - ------------------------------------------------------------------------------------------------------------
2021-11-30 15:53:15,474 - INFO - Outlier detected for date 2021-09-23 10:46:00: Window: [-9.75 -9.75 -9.75 -9.75] value=-7.15 and zscore=1.95
2021-11-30 15:53:15,474 - INFO - Not ordered sequence of 2021-09-23 20:55:00 with value: -9.7 with window: [-11.05 -11.   -11.05 -11.05] and zscore: 0.0
2021-11-30 15:53:15,474 - INFO - Not ordered sequence of 2021-09-23 20:55:00 with value: -11.35 with window: [-12.05 -11.9  -12.65 -12.65] and zscore: 0.0
2021-11-30 15:53:15,474 - INFO - Not ordered sequence of 2021-09-23 20:55:00 with value: -13.7 with window: [-14.95 -14.9  -14.95 -14.95] and zscore: 0.0
2021-11-30 15:53:15,474 - INFO - Not ordered sequence of 2021-09-23 20:55:00 with value: -9.75 with window: [-8.55 -8.55 -8.6  -8.55] and zscore: 0.0
2021-11-30 15:53:15,475 - INFO - Not ordered sequence of 2021-09-24 20:55:00 with value: -7.95 with window: [-11.05 -11.05 -11.1  -11.1 ] and zscore: 2.0
2021-11-30 15:53:15,475 - INFO - ------------------------------------------------------------------------------------------------------------
2021-11-30 15:53:15,475 - INFO - Outlier detected for date 2021-09-24 20:55:00: Window: [-9.75 -9.75 -9.75 -9.75] value=-7.95 and zscore=2.0
2021-11-30 15:53:15,475 - INFO - Not ordered sequence of 2021-09-24 20:55:00 with value: -9.75 with window: [-12.65 -12.65 -12.95 -12.95] and zscore: 1.99
2021-11-30 15:53:15,475 - INFO - ------------------------------------------------------------------------------------------------------------
2021-11-30 15:53:15,475 - INFO - Outlier detected for date 2021-09-24 20:55:00: Window: [-9.75 -9.75 -9.75 -9.75] value=-9.75 and zscore=1.99
2021-11-30 15:53:15,475 - INFO - Not ordered sequence of 2021-09-24 20:55:00 with value: -12.05 with window: [-14.95 -14.95 -15.25 -15.2 ] and zscore: 1.99
2021-11-30 15:53:15,476 - INFO - ------------------------------------------------------------------------------------------------------------
2021-11-30 15:53:15,476 - INFO - Outlier detected for date 2021-09-24 20:55:00: Window: [-9.75 -9.75 -9.75 -9.75] value=-12.05 and zscore=1.99
2021-11-30 15:53:15,476 - INFO - Not ordered sequence of 2021-09-24 20:55:00 with value: -24.2 with window: [-27.55 -27.45 -27.6  -27.55] and zscore: 2.0
2021-11-30 15:53:15,476 - INFO - ------------------------------------------------------------------------------------------------------------
2021-11-30 15:53:15,476 - INFO - Outlier detected for date 2021-09-24 20:55:00: Window: [-9.75 -9.75 -9.75 -9.75] value=-24.2 and zscore=2.0
